\BOOKMARK [0][-]{chapter*.2}{\376\377\000E\000x\000e\000c\000u\000t\000i\000v\000e\000\040\000S\000u\000m\000m\000a\000r\000y}{}% 1
\BOOKMARK [0][-]{chapter.1}{\376\377\000I\000n\000t\000r\000o\000d\000u\000c\000t\000i\000o\000n}{}% 2
\BOOKMARK [1][-]{section.1.1}{\376\377\000P\000r\000o\000j\000e\000c\000t\000\040\000B\000a\000c\000k\000g\000r\000o\000u\000n\000d}{chapter.1}% 3
\BOOKMARK [1][-]{section.1.2}{\376\377\000P\000r\000o\000j\000e\000c\000t\000\040\000A\000i\000m}{chapter.1}% 4
\BOOKMARK [1][-]{section.1.3}{\376\377\000O\000b\000j\000e\000c\000t\000i\000v\000e\000s}{chapter.1}% 5
\BOOKMARK [0][-]{chapter.2}{\376\377\000W\000e\000b\000s\000i\000t\000e\000\040\000O\000v\000e\000r\000v\000i\000e\000w}{}% 6
\BOOKMARK [1][-]{section.2.1}{\376\377\000A\000p\000p\000l\000i\000c\000a\000t\000i\000o\000n\000\040\000I\000d\000e\000n\000t\000i\000t\000y}{chapter.2}% 7
\BOOKMARK [1][-]{section.2.2}{\376\377\000T\000a\000r\000g\000e\000t\000\040\000U\000s\000e\000r\000s}{chapter.2}% 8
\BOOKMARK [1][-]{section.2.3}{\376\377\000P\000r\000i\000m\000a\000r\000y\000\040\000F\000e\000a\000t\000u\000r\000e\000s}{chapter.2}% 9
\BOOKMARK [0][-]{chapter.3}{\376\377\000T\000e\000c\000h\000n\000o\000l\000o\000g\000y\000\040\000S\000t\000a\000c\000k}{}% 10
\BOOKMARK [1][-]{section.3.1}{\376\377\000F\000r\000o\000n\000t\000e\000n\000d}{chapter.3}% 11
\BOOKMARK [1][-]{section.3.2}{\376\377\000B\000a\000c\000k\000e\000n\000d}{chapter.3}% 12
\BOOKMARK [1][-]{section.3.3}{\376\377\000D\000a\000t\000a\000b\000a\000s\000e}{chapter.3}% 13
\BOOKMARK [0][-]{chapter.4}{\376\377\000S\000y\000s\000t\000e\000m\000\040\000A\000r\000c\000h\000i\000t\000e\000c\000t\000u\000r\000e}{}% 14
\BOOKMARK [1][-]{section.4.1}{\376\377\000H\000i\000g\000h\000-\000L\000e\000v\000e\000l\000\040\000A\000r\000c\000h\000i\000t\000e\000c\000t\000u\000r\000e}{chapter.4}% 15
\BOOKMARK [1][-]{section.4.2}{\376\377\000A\000r\000c\000h\000i\000t\000e\000c\000t\000u\000r\000e\000\040\000E\000x\000p\000l\000a\000n\000a\000t\000i\000o\000n}{chapter.4}% 16
\BOOKMARK [1][-]{section.4.3}{\376\377\000F\000o\000l\000d\000e\000r\000\040\000S\000t\000r\000u\000c\000t\000u\000r\000e}{chapter.4}% 17
\BOOKMARK [0][-]{chapter.5}{\376\377\000F\000r\000o\000n\000t\000e\000n\000d\000\040\000D\000e\000s\000i\000g\000n\000\040\000a\000n\000d\000\040\000F\000u\000n\000c\000t\000i\000o\000n\000a\000l\000i\000t\000y}{}% 18
\BOOKMARK [1][-]{section.5.1}{\376\377\000M\000a\000i\000n\000\040\000R\000e\000a\000c\000t\000\040\000A\000p\000p\000l\000i\000c\000a\000t\000i\000o\000n}{chapter.5}% 19
\BOOKMARK [1][-]{section.5.2}{\376\377\000A\000u\000t\000h\000e\000n\000t\000i\000c\000a\000t\000i\000o\000n\000\040\000I\000n\000t\000e\000r\000f\000a\000c\000e}{chapter.5}% 20
\BOOKMARK [1][-]{section.5.3}{\376\377\000D\000a\000s\000h\000b\000o\000a\000r\000d}{chapter.5}% 21
\BOOKMARK [1][-]{section.5.4}{\376\377\000R\000e\000p\000a\000i\000r\000\040\000J\000o\000b\000\040\000F\000o\000r\000m}{chapter.5}% 22
\BOOKMARK [1][-]{section.5.5}{\376\377\000R\000e\000p\000a\000i\000r\000\040\000L\000i\000s\000t\000\040\000a\000n\000d\000\040\000R\000e\000p\000a\000i\000r\000\040\000C\000a\000r\000d\000s}{chapter.5}% 23
\BOOKMARK [1][-]{section.5.6}{\376\377\000C\000u\000s\000t\000o\000m\000e\000r\000\040\000T\000r\000a\000c\000k\000i\000n\000g\000\040\000P\000o\000r\000t\000a\000l}{chapter.5}% 24
\BOOKMARK [0][-]{chapter.6}{\376\377\000B\000a\000c\000k\000e\000n\000d\000\040\000D\000e\000s\000i\000g\000n\000\040\000a\000n\000d\000\040\000F\000u\000n\000c\000t\000i\000o\000n\000a\000l\000i\000t\000y}{}% 25
\BOOKMARK [1][-]{section.6.1}{\376\377\000S\000e\000r\000v\000e\000r\000\040\000S\000e\000t\000u\000p}{chapter.6}% 26
\BOOKMARK [1][-]{section.6.2}{\376\377\000C\000O\000R\000S\000\040\000C\000o\000n\000f\000i\000g\000u\000r\000a\000t\000i\000o\000n}{chapter.6}% 27
\BOOKMARK [1][-]{section.6.3}{\376\377\000A\000u\000t\000h\000e\000n\000t\000i\000c\000a\000t\000i\000o\000n\000\040\000R\000o\000u\000t\000e\000s}{chapter.6}% 28
\BOOKMARK [1][-]{section.6.4}{\376\377\000R\000e\000p\000a\000i\000r\000\040\000R\000o\000u\000t\000e\000s}{chapter.6}% 29
\BOOKMARK [1][-]{section.6.5}{\376\377\000R\000o\000u\000t\000e\000\040\000P\000r\000o\000t\000e\000c\000t\000i\000o\000n}{chapter.6}% 30
\BOOKMARK [0][-]{chapter.7}{\376\377\000D\000a\000t\000a\000b\000a\000s\000e\000\040\000D\000e\000s\000i\000g\000n}{}% 31
\BOOKMARK [1][-]{section.7.1}{\376\377\000U\000s\000e\000r\000\040\000M\000o\000d\000e\000l}{chapter.7}% 32
\BOOKMARK [1][-]{section.7.2}{\376\377\000R\000e\000p\000a\000i\000r\000\040\000J\000o\000b\000\040\000M\000o\000d\000e\000l}{chapter.7}% 33
\BOOKMARK [1][-]{section.7.3}{\376\377\000T\000r\000a\000c\000k\000i\000n\000g\000\040\000C\000o\000d\000e\000\040\000G\000e\000n\000e\000r\000a\000t\000i\000o\000n}{chapter.7}% 34
\BOOKMARK [0][-]{chapter.8}{\376\377\000U\000s\000e\000r\000\040\000W\000o\000r\000k\000f\000l\000o\000w\000s}{}% 35
\BOOKMARK [1][-]{section.8.1}{\376\377\000S\000t\000a\000f\000f\000\040\000W\000o\000r\000k\000f\000l\000o\000w}{chapter.8}% 36
\BOOKMARK [1][-]{section.8.2}{\376\377\000C\000u\000s\000t\000o\000m\000e\000r\000\040\000W\000o\000r\000k\000f\000l\000o\000w}{chapter.8}% 37
\BOOKMARK [0][-]{chapter.9}{\376\377\000S\000e\000c\000u\000r\000i\000t\000y\000\040\000A\000n\000a\000l\000y\000s\000i\000s}{}% 38
\BOOKMARK [1][-]{section.9.1}{\376\377\000C\000u\000r\000r\000e\000n\000t\000\040\000S\000e\000c\000u\000r\000i\000t\000y\000\040\000S\000t\000r\000e\000n\000g\000t\000h\000s}{chapter.9}% 39
\BOOKMARK [1][-]{section.9.2}{\376\377\000S\000e\000c\000u\000r\000i\000t\000y\000\040\000I\000m\000p\000r\000o\000v\000e\000m\000e\000n\000t\000s}{chapter.9}% 40
\BOOKMARK [0][-]{chapter.10}{\376\377\000D\000e\000p\000l\000o\000y\000m\000e\000n\000t}{}% 41
\BOOKMARK [1][-]{section.10.1}{\376\377\000F\000r\000o\000n\000t\000e\000n\000d\000\040\000D\000e\000p\000l\000o\000y\000m\000e\000n\000t}{chapter.10}% 42
\BOOKMARK [1][-]{section.10.2}{\376\377\000B\000a\000c\000k\000e\000n\000d\000\040\000D\000e\000p\000l\000o\000y\000m\000e\000n\000t}{chapter.10}% 43
\BOOKMARK [1][-]{section.10.3}{\376\377\000D\000a\000t\000a\000b\000a\000s\000e\000\040\000D\000e\000p\000l\000o\000y\000m\000e\000n\000t}{chapter.10}% 44
\BOOKMARK [0][-]{chapter.11}{\376\377\000T\000e\000s\000t\000i\000n\000g\000\040\000a\000n\000d\000\040\000Q\000u\000a\000l\000i\000t\000y}{}% 45
\BOOKMARK [1][-]{section.11.1}{\376\377\000S\000u\000g\000g\000e\000s\000t\000e\000d\000\040\000T\000e\000s\000t\000\040\000P\000l\000a\000n}{chapter.11}% 46
\BOOKMARK [1][-]{section.11.2}{\376\377\000C\000u\000r\000r\000e\000n\000t\000\040\000Q\000u\000a\000l\000i\000t\000y\000\040\000O\000b\000s\000e\000r\000v\000a\000t\000i\000o\000n\000s}{chapter.11}% 47
\BOOKMARK [0][-]{chapter.12}{\376\377\000L\000i\000m\000i\000t\000a\000t\000i\000o\000n\000s}{}% 48
\BOOKMARK [0][-]{chapter.13}{\376\377\000F\000u\000t\000u\000r\000e\000\040\000E\000n\000h\000a\000n\000c\000e\000m\000e\000n\000t\000s}{}% 49
\BOOKMARK [0][-]{chapter.14}{\376\377\000C\000o\000n\000c\000l\000u\000s\000i\000o\000n}{}% 50
\BOOKMARK [0][-]{appendix.A}{\376\377\000K\000e\000y\000\040\000F\000i\000l\000e\000s\000\040\000R\000e\000v\000i\000e\000w\000e\000d}{}% 51
\BOOKMARK [0][-]{appendix.B}{\376\377\000L\000o\000c\000a\000l\000\040\000R\000u\000n\000\040\000C\000o\000m\000m\000a\000n\000d\000s}{}% 52
\BOOKMARK [1][-]{section.B.1}{\376\377\000B\000a\000c\000k\000e\000n\000d}{appendix.B}% 53
\BOOKMARK [1][-]{section.B.2}{\376\377\000F\000r\000o\000n\000t\000e\000n\000d}{appendix.B}% 54
\BOOKMARK [1][-]{section.B.3}{\376\377\000P\000r\000o\000d\000u\000c\000t\000i\000o\000n\000\040\000B\000u\000i\000l\000d}{appendix.B}% 55
